{
  "0 debug pnpm:scope": {
    "selected": 1,
    "workspacePrefix": "/home/cgarvis/projects/logosphere"
  },
  "1 info pnpm": {
    "err": {
      "name": "Error",
      "message": "not found: build",
      "code": "ENOENT",
      "stack": "Error: not found: build\n    at getNotFoundError (/home/cgarvis/.local/share/pnpm/nodejs/16.14.2/pnpm-global/5/node_modules/.pnpm/pnpm@6.32.6/node_modules/pnpm/dist/pnpm.cjs:41595:51)\n    at Function.whichSync [as sync] (/home/cgarvis/.local/share/pnpm/nodejs/16.14.2/pnpm-global/5/node_modules/.pnpm/pnpm@6.32.6/node_modules/pnpm/dist/pnpm.cjs:41672:13)\n    at getCommandAbsolutePathSync (/home/cgarvis/.local/share/pnpm/nodejs/16.14.2/pnpm-global/5/node_modules/.pnpm/pnpm@6.32.6/node_modules/pnpm/dist/pnpm.cjs:43237:44)\n    at default_1 (/home/cgarvis/.local/share/pnpm/nodejs/16.14.2/pnpm-global/5/node_modules/.pnpm/pnpm@6.32.6/node_modules/pnpm/dist/pnpm.cjs:43246:32)\n    at /home/cgarvis/.local/share/pnpm/nodejs/16.14.2/pnpm-global/5/node_modules/.pnpm/pnpm@6.32.6/node_modules/pnpm/dist/pnpm.cjs:178233:39"
    }
  },
  "2 error pnpm": {
    "code": "ERR_PNPM_RECURSIVE_EXEC_FIRST_FAIL",
    "prefix": "/home/cgarvis/projects/logosphere/e2e/fluree-service",
    "err": {
      "name": "pnpm",
      "message": "not found: build",
      "code": "ERR_PNPM_RECURSIVE_EXEC_FIRST_FAIL",
      "stack": "Error: not found: build\n    at getNotFoundError (/home/cgarvis/.local/share/pnpm/nodejs/16.14.2/pnpm-global/5/node_modules/.pnpm/pnpm@6.32.6/node_modules/pnpm/dist/pnpm.cjs:41595:51)\n    at Function.whichSync [as sync] (/home/cgarvis/.local/share/pnpm/nodejs/16.14.2/pnpm-global/5/node_modules/.pnpm/pnpm@6.32.6/node_modules/pnpm/dist/pnpm.cjs:41672:13)\n    at getCommandAbsolutePathSync (/home/cgarvis/.local/share/pnpm/nodejs/16.14.2/pnpm-global/5/node_modules/.pnpm/pnpm@6.32.6/node_modules/pnpm/dist/pnpm.cjs:43237:44)\n    at default_1 (/home/cgarvis/.local/share/pnpm/nodejs/16.14.2/pnpm-global/5/node_modules/.pnpm/pnpm@6.32.6/node_modules/pnpm/dist/pnpm.cjs:43246:32)\n    at /home/cgarvis/.local/share/pnpm/nodejs/16.14.2/pnpm-global/5/node_modules/.pnpm/pnpm@6.32.6/node_modules/pnpm/dist/pnpm.cjs:178233:39"
    }
  }
}